TN:
SF:index.js
FN:7,(anonymous_0)
FN:16,(anonymous_1)
FNF:2
FNH:2
FNDA:5,(anonymous_0)
FNDA:1,(anonymous_1)
DA:1,1
DA:2,1
DA:4,1
DA:5,1
DA:6,1
DA:7,1
DA:8,5
DA:9,5
DA:10,5
DA:12,1
DA:14,1
DA:16,1
DA:17,1
DA:21,1
LF:14
LH:14
BRDA:12,0,0,1
BRDA:12,0,1,1
BRF:2
BRH:2
end_of_record
TN:
SF:config/db.js
FN:8,(anonymous_0)
FN:26,(anonymous_1)
FN:46,(anonymous_2)
FN:64,(anonymous_3)
FN:82,(anonymous_4)
FNF:5
FNH:5
FNDA:1,(anonymous_0)
FNDA:1,(anonymous_1)
FNDA:1,(anonymous_2)
FNDA:1,(anonymous_3)
FNDA:1,(anonymous_4)
DA:1,1
DA:3,1
DA:4,1
DA:8,1
DA:9,1
DA:18,1
DA:19,1
DA:20,1
DA:22,0
DA:26,1
DA:27,1
DA:36,1
DA:37,1
DA:38,1
DA:40,0
DA:46,1
DA:47,1
DA:56,1
DA:57,1
DA:58,1
DA:60,0
DA:64,1
DA:65,1
DA:74,1
DA:75,1
DA:76,1
DA:78,0
DA:82,1
DA:83,1
DA:92,1
DA:93,1
DA:94,1
DA:96,0
LF:33
LH:28
BRF:0
BRH:0
end_of_record
TN:
SF:controller/employeController.js
FN:4,(anonymous_0)
FN:9,(anonymous_1)
FN:18,(anonymous_2)
FN:33,(anonymous_3)
FN:46,(anonymous_4)
FNF:5
FNH:5
FNDA:1,(anonymous_0)
FNDA:1,(anonymous_1)
FNDA:1,(anonymous_2)
FNDA:1,(anonymous_3)
FNDA:1,(anonymous_4)
DA:1,1
DA:2,1
DA:4,1
DA:5,1
DA:6,1
DA:9,1
DA:10,1
DA:11,1
DA:12,1
DA:14,0
DA:18,1
DA:19,1
DA:20,1
DA:21,0
DA:24,1
DA:25,1
DA:26,1
DA:29,0
DA:33,1
DA:34,1
DA:35,1
DA:36,0
DA:38,1
DA:39,1
DA:40,1
DA:42,0
DA:46,1
DA:47,1
DA:48,1
DA:49,1
DA:50,1
DA:52,0
LF:32
LH:26
BRDA:20,0,0,0
BRDA:20,0,1,1
BRDA:35,1,0,0
BRDA:35,1,1,1
BRF:4
BRH:2
end_of_record
TN:
SF:routes/employe.js
FNF:0
FNH:0
DA:1,1
DA:2,1
DA:3,1
DA:4,1
DA:6,1
DA:10,1
DA:14,1
DA:21,1
DA:28,1
DA:31,1
LF:10
LH:10
BRF:0
BRH:0
end_of_record
